SF:lib/domain/entity/history.dart
DA:4,2
LF:1
LH:1
end_of_record
SF:lib/domain/usecases/save_history_usecase.dart
DA:9,1
DA:12,1
DA:13,3
LF:3
LH:3
end_of_record
SF:lib/domain/usecases/get_histories_usecase.dart
DA:9,1
DA:12,1
DA:13,3
DA:14,1
LF:4
LH:4
end_of_record
SF:lib/domain/usecases/multiplication_use_case.dart
DA:2,2
LF:1
LH:1
end_of_record
SF:lib/domain/usecases/subtraction_use_case.dart
DA:2,2
LF:1
LH:1
end_of_record
SF:lib/domain/usecases/addition_use_case.dart
DA:2,2
LF:1
LH:1
end_of_record
